You are using YYP Maker v1.1.2, released in 11-04-2021



[05-03-2022 00:04:57] Initialized GameMaker Project: Source.yyp
[05-03-2022 00:04:57] Current parent directory: D:/GameDev/Projects/INTRUDE/Source/animcurves
[05-03-2022 00:04:57] Current parent directory: D:/GameDev/Projects/INTRUDE/Source/datafiles
[05-03-2022 00:04:57] Current parent directory: D:/GameDev/Projects/INTRUDE/Source/extensions
[05-03-2022 00:04:57] Current parent directory: D:/GameDev/Projects/INTRUDE/Source/fonts
[05-03-2022 00:04:57] Checking fntDescription
[05-03-2022 00:04:57] Directory: D:/GameDev/Projects/INTRUDE/Source/fonts/fntDescription
[05-03-2022 00:04:57] Current parent directory: D:/GameDev/Projects/INTRUDE/Source/fonts/fntDescription
[05-03-2022 00:04:57] Checking fntDescription.yy
[05-03-2022 00:04:57] Parsing D:/GameDev/Projects/INTRUDE/Source/fonts/fntDescription/fntDescription.yy
[05-03-2022 00:04:57] Reading D:/GameDev/Projects/INTRUDE/Source/fonts/fntDescription/fntDescription.yy
[05-03-2022 00:04:57] Par: "folders/Fonts" at dir: "D:/GameDev/Projects/INTRUDE/Source/fonts/fntDescription/fntDescription.yy"
[05-03-2022 00:04:57] Found Font: fntDescription
[05-03-2022 00:04:57] Checking fntDescription.png
[05-03-2022 00:04:57] Checking fntDescription.old.yy
[05-03-2022 00:04:57] Trash file: fntDescription.old.yy, will be moved to ___yyp_maker_trash
[05-03-2022 00:04:57] Checking fntDescription.old.png
[05-03-2022 00:04:57] Current parent directory: D:/GameDev/Projects/INTRUDE/Source/notes
[05-03-2022 00:04:57] Current parent directory: D:/GameDev/Projects/INTRUDE/Source/objects
[05-03-2022 00:04:57] Checking objSolid
[05-03-2022 00:04:57] Directory: D:/GameDev/Projects/INTRUDE/Source/objects/objSolid
[05-03-2022 00:04:57] Checking objSnake
[05-03-2022 00:04:57] Directory: D:/GameDev/Projects/INTRUDE/Source/objects/objSnake
[05-03-2022 00:04:57] Checking objShadow
[05-03-2022 00:04:57] Directory: D:/GameDev/Projects/INTRUDE/Source/objects/objShadow
[05-03-2022 00:04:57] Checking objRoom
[05-03-2022 00:04:57] Directory: D:/GameDev/Projects/INTRUDE/Source/objects/objRoom
[05-03-2022 00:04:57] Checking objMainMenu
[05-03-2022 00:04:57] Directory: D:/GameDev/Projects/INTRUDE/Source/objects/objMainMenu
[05-03-2022 00:04:57] Checking objMain
[05-03-2022 00:04:57] Directory: D:/GameDev/Projects/INTRUDE/Source/objects/objMain
[05-03-2022 00:04:57] Checking objInvisibleWall
[05-03-2022 00:04:57] Directory: D:/GameDev/Projects/INTRUDE/Source/objects/objInvisibleWall
[05-03-2022 00:04:57] Checking objGame
[05-03-2022 00:04:57] Directory: D:/GameDev/Projects/INTRUDE/Source/objects/objGame
[05-03-2022 00:04:57] Current parent directory: D:/GameDev/Projects/INTRUDE/Source/objects/objGame
[05-03-2022 00:04:57] Checking objGame.yy
[05-03-2022 00:04:57] Parsing D:/GameDev/Projects/INTRUDE/Source/objects/objGame/objGame.yy
[05-03-2022 00:04:57] Reading D:/GameDev/Projects/INTRUDE/Source/objects/objGame/objGame.yy
[05-03-2022 00:04:57] Par: "folders/Objects" at dir: "D:/GameDev/Projects/INTRUDE/Source/objects/objGame/objGame.yy"
[05-03-2022 00:04:57] Found Object: objGame
[05-03-2022 00:04:57] Current parent directory: D:/GameDev/Projects/INTRUDE/Source/objects/objInvisibleWall
[05-03-2022 00:04:57] Checking objInvisibleWall.yy
[05-03-2022 00:04:57] Parsing D:/GameDev/Projects/INTRUDE/Source/objects/objInvisibleWall/objInvisibleWall.yy
[05-03-2022 00:04:57] Reading D:/GameDev/Projects/INTRUDE/Source/objects/objInvisibleWall/objInvisibleWall.yy
[05-03-2022 00:04:57] Par: "folders/Objects/Collision" at dir: "D:/GameDev/Projects/INTRUDE/Source/objects/objInvisibleWall/objInvisibleWall.yy"
[05-03-2022 00:04:57] Found Object: objInvisibleWall
[05-03-2022 00:04:57] Current parent directory: D:/GameDev/Projects/INTRUDE/Source/objects/objMain
[05-03-2022 00:04:57] Checking Step_1.gml
[05-03-2022 00:04:57] Checking objMain.yy
[05-03-2022 00:04:57] Parsing D:/GameDev/Projects/INTRUDE/Source/objects/objMain/objMain.yy
[05-03-2022 00:04:57] Reading D:/GameDev/Projects/INTRUDE/Source/objects/objMain/objMain.yy
[05-03-2022 00:04:57] Par: "folders/Objects/Main" at dir: "D:/GameDev/Projects/INTRUDE/Source/objects/objMain/objMain.yy"
[05-03-2022 00:04:57] Found Object: objMain
[05-03-2022 00:04:57] Checking Keyboard_121.gml
[05-03-2022 00:04:57] Checking Create_0.gml
[05-03-2022 00:04:57] Current parent directory: D:/GameDev/Projects/INTRUDE/Source/objects/objMainMenu
[05-03-2022 00:04:57] Checking Step_0.gml
[05-03-2022 00:04:57] Checking objMainMenu.yy
[05-03-2022 00:04:57] Parsing D:/GameDev/Projects/INTRUDE/Source/objects/objMainMenu/objMainMenu.yy
[05-03-2022 00:04:57] Reading D:/GameDev/Projects/INTRUDE/Source/objects/objMainMenu/objMainMenu.yy
[05-03-2022 00:04:57] Par: "folders/Objects" at dir: "D:/GameDev/Projects/INTRUDE/Source/objects/objMainMenu/objMainMenu.yy"
[05-03-2022 00:04:57] Found Object: objMainMenu
[05-03-2022 00:04:57] Checking KeyPress_1.gml
[05-03-2022 00:04:57] Checking Draw_64.gml
[05-03-2022 00:04:57] Checking Draw_0.gml
[05-03-2022 00:04:57] Checking Create_0.gml
[05-03-2022 00:04:57] Current parent directory: D:/GameDev/Projects/INTRUDE/Source/objects/objRoom
[05-03-2022 00:04:57] Checking Step_2.gml
[05-03-2022 00:04:57] Checking objRoom.yy
[05-03-2022 00:04:57] Parsing D:/GameDev/Projects/INTRUDE/Source/objects/objRoom/objRoom.yy
[05-03-2022 00:04:57] Reading D:/GameDev/Projects/INTRUDE/Source/objects/objRoom/objRoom.yy
[05-03-2022 00:04:57] Par: "folders/Objects/Player" at dir: "D:/GameDev/Projects/INTRUDE/Source/objects/objRoom/objRoom.yy"
[05-03-2022 00:04:57] Found Object: objRoom
[05-03-2022 00:04:57] Checking Create_0.gml
[05-03-2022 00:04:57] Current parent directory: D:/GameDev/Projects/INTRUDE/Source/objects/objShadow
[05-03-2022 00:04:57] Checking objShadow.yy
[05-03-2022 00:04:57] Parsing D:/GameDev/Projects/INTRUDE/Source/objects/objShadow/objShadow.yy
[05-03-2022 00:04:57] Reading D:/GameDev/Projects/INTRUDE/Source/objects/objShadow/objShadow.yy
[05-03-2022 00:04:57] Par: "folders/Objects" at dir: "D:/GameDev/Projects/INTRUDE/Source/objects/objShadow/objShadow.yy"
[05-03-2022 00:04:57] Found Object: objShadow
[05-03-2022 00:04:57] Checking Draw_0.gml
[05-03-2022 00:04:57] Current parent directory: D:/GameDev/Projects/INTRUDE/Source/objects/objSnake
[05-03-2022 00:04:57] Checking Step_2.gml
[05-03-2022 00:04:57] Checking Step_1.gml
[05-03-2022 00:04:57] Checking Step_0.gml
[05-03-2022 00:04:57] Checking Other_7.gml
[05-03-2022 00:04:57] Checking objSnake.yy
[05-03-2022 00:04:57] Parsing D:/GameDev/Projects/INTRUDE/Source/objects/objSnake/objSnake.yy
[05-03-2022 00:04:57] Reading D:/GameDev/Projects/INTRUDE/Source/objects/objSnake/objSnake.yy
[05-03-2022 00:04:57] Par: "folders/Objects/Player" at dir: "D:/GameDev/Projects/INTRUDE/Source/objects/objSnake/objSnake.yy"
[05-03-2022 00:04:57] Found Object: objSnake
[05-03-2022 00:04:57] Checking KeyRelease_49.gml
[05-03-2022 00:04:57] Checking KeyRelease_27.gml
[05-03-2022 00:04:57] Checking Draw_64.gml
[05-03-2022 00:04:57] Checking Draw_0.gml
[05-03-2022 00:04:57] Checking Create_0.gml
[05-03-2022 00:04:57] Current parent directory: D:/GameDev/Projects/INTRUDE/Source/objects/objSolid
[05-03-2022 00:04:57] Checking objSolid.yy
[05-03-2022 00:04:57] Parsing D:/GameDev/Projects/INTRUDE/Source/objects/objSolid/objSolid.yy
[05-03-2022 00:04:57] Reading D:/GameDev/Projects/INTRUDE/Source/objects/objSolid/objSolid.yy
[05-03-2022 00:04:57] Par: "folders/Objects/Collision" at dir: "D:/GameDev/Projects/INTRUDE/Source/objects/objSolid/objSolid.yy"
[05-03-2022 00:04:57] Found Object: objSolid
[05-03-2022 00:04:57] Checking Create_0.gml
[05-03-2022 00:04:57] Current parent directory: D:/GameDev/Projects/INTRUDE/Source/options
[05-03-2022 00:04:57] Checking windows
[05-03-2022 00:04:57] Directory: D:/GameDev/Projects/INTRUDE/Source/options/windows
[05-03-2022 00:04:57] Checking operagx
[05-03-2022 00:04:57] Directory: D:/GameDev/Projects/INTRUDE/Source/options/operagx
[05-03-2022 00:04:57] Checking main
[05-03-2022 00:04:57] Directory: D:/GameDev/Projects/INTRUDE/Source/options/main
[05-03-2022 00:04:57] Checking mac
[05-03-2022 00:04:57] Directory: D:/GameDev/Projects/INTRUDE/Source/options/mac
[05-03-2022 00:04:57] Checking linux
[05-03-2022 00:04:57] Directory: D:/GameDev/Projects/INTRUDE/Source/options/linux
[05-03-2022 00:04:57] Checking html5
[05-03-2022 00:04:57] Directory: D:/GameDev/Projects/INTRUDE/Source/options/html5
[05-03-2022 00:04:57] Current parent directory: D:/GameDev/Projects/INTRUDE/Source/options/html5
[05-03-2022 00:04:57] Checking options_html5.yy
[05-03-2022 00:04:57] Parsing D:/GameDev/Projects/INTRUDE/Source/options/html5/options_html5.yy
[05-03-2022 00:04:57] Reading D:/GameDev/Projects/INTRUDE/Source/options/html5/options_html5.yy
[05-03-2022 00:04:57] Current parent directory: D:/GameDev/Projects/INTRUDE/Source/options/linux
[05-03-2022 00:04:57] Checking options_linux.yy
[05-03-2022 00:04:57] Parsing D:/GameDev/Projects/INTRUDE/Source/options/linux/options_linux.yy
[05-03-2022 00:04:57] Reading D:/GameDev/Projects/INTRUDE/Source/options/linux/options_linux.yy
[05-03-2022 00:04:57] Current parent directory: D:/GameDev/Projects/INTRUDE/Source/options/mac
[05-03-2022 00:04:57] Checking options_mac.yy
[05-03-2022 00:04:57] Parsing D:/GameDev/Projects/INTRUDE/Source/options/mac/options_mac.yy
[05-03-2022 00:04:57] Reading D:/GameDev/Projects/INTRUDE/Source/options/mac/options_mac.yy
[05-03-2022 00:04:57] Current parent directory: D:/GameDev/Projects/INTRUDE/Source/options/main
[05-03-2022 00:04:57] Checking options_main.yy
[05-03-2022 00:04:57] Parsing D:/GameDev/Projects/INTRUDE/Source/options/main/options_main.yy
[05-03-2022 00:04:57] Reading D:/GameDev/Projects/INTRUDE/Source/options/main/options_main.yy
[05-03-2022 00:04:57] Current parent directory: D:/GameDev/Projects/INTRUDE/Source/options/operagx
[05-03-2022 00:04:57] Checking options_operagx.yy
[05-03-2022 00:04:57] Parsing D:/GameDev/Projects/INTRUDE/Source/options/operagx/options_operagx.yy
[05-03-2022 00:04:58] Reading D:/GameDev/Projects/INTRUDE/Source/options/operagx/options_operagx.yy
[05-03-2022 00:04:58] Invalid file: options_operagx.yy, will be moved to ___yyp_maker_trash
[05-03-2022 00:04:58] Current parent directory: D:/GameDev/Projects/INTRUDE/Source/options/windows
[05-03-2022 00:04:58] Checking options_windows.yy
[05-03-2022 00:04:58] Parsing D:/GameDev/Projects/INTRUDE/Source/options/windows/options_windows.yy
[05-03-2022 00:04:58] Reading D:/GameDev/Projects/INTRUDE/Source/options/windows/options_windows.yy
[05-03-2022 00:04:58] Current parent directory: D:/GameDev/Projects/INTRUDE/Source/paths
[05-03-2022 00:04:58] Current parent directory: D:/GameDev/Projects/INTRUDE/Source/rooms
[05-03-2022 00:04:58] Checking rmTest2
[05-03-2022 00:04:58] Directory: D:/GameDev/Projects/INTRUDE/Source/rooms/rmTest2
[05-03-2022 00:04:58] Checking rmStart
[05-03-2022 00:04:58] Directory: D:/GameDev/Projects/INTRUDE/Source/rooms/rmStart
[05-03-2022 00:04:58] Checking rmOuterHeaven
[05-03-2022 00:04:58] Directory: D:/GameDev/Projects/INTRUDE/Source/rooms/rmOuterHeaven
[05-03-2022 00:04:58] Checking rmMenu
[05-03-2022 00:04:58] Directory: D:/GameDev/Projects/INTRUDE/Source/rooms/rmMenu
[05-03-2022 00:04:58] Current parent directory: D:/GameDev/Projects/INTRUDE/Source/rooms/rmMenu
[05-03-2022 00:04:58] Checking rmMenu.yy
[05-03-2022 00:04:58] Parsing D:/GameDev/Projects/INTRUDE/Source/rooms/rmMenu/rmMenu.yy
[05-03-2022 00:04:58] Reading D:/GameDev/Projects/INTRUDE/Source/rooms/rmMenu/rmMenu.yy
[05-03-2022 00:04:58] Par: "folders/Rooms" at dir: "D:/GameDev/Projects/INTRUDE/Source/rooms/rmMenu/rmMenu.yy"
[05-03-2022 00:04:58] Found Room: rmMenu
[05-03-2022 00:04:58] Current parent directory: D:/GameDev/Projects/INTRUDE/Source/rooms/rmOuterHeaven
[05-03-2022 00:04:58] Checking rmOuterHeaven.yy
[05-03-2022 00:04:58] Parsing D:/GameDev/Projects/INTRUDE/Source/rooms/rmOuterHeaven/rmOuterHeaven.yy
[05-03-2022 00:04:58] Reading D:/GameDev/Projects/INTRUDE/Source/rooms/rmOuterHeaven/rmOuterHeaven.yy
[05-03-2022 00:04:58] Par: "folders/Rooms" at dir: "D:/GameDev/Projects/INTRUDE/Source/rooms/rmOuterHeaven/rmOuterHeaven.yy"
[05-03-2022 00:04:58] Found Room: rmOuterHeaven
[05-03-2022 00:04:58] Current parent directory: D:/GameDev/Projects/INTRUDE/Source/rooms/rmStart
[05-03-2022 00:04:58] Checking rmStart.yy
[05-03-2022 00:04:58] Parsing D:/GameDev/Projects/INTRUDE/Source/rooms/rmStart/rmStart.yy
[05-03-2022 00:04:58] Reading D:/GameDev/Projects/INTRUDE/Source/rooms/rmStart/rmStart.yy
[05-03-2022 00:04:58] Par: "folders/Rooms" at dir: "D:/GameDev/Projects/INTRUDE/Source/rooms/rmStart/rmStart.yy"
[05-03-2022 00:04:58] Found Room: rmStart
[05-03-2022 00:04:58] Current parent directory: D:/GameDev/Projects/INTRUDE/Source/rooms/rmTest2
[05-03-2022 00:04:58] Checking rmTest2.yy
[05-03-2022 00:04:58] Parsing D:/GameDev/Projects/INTRUDE/Source/rooms/rmTest2/rmTest2.yy
[05-03-2022 00:04:58] Reading D:/GameDev/Projects/INTRUDE/Source/rooms/rmTest2/rmTest2.yy
[05-03-2022 00:04:58] Par: "folders/Rooms" at dir: "D:/GameDev/Projects/INTRUDE/Source/rooms/rmTest2/rmTest2.yy"
[05-03-2022 00:04:58] Found Room: rmTest2
[05-03-2022 00:04:58] Current parent directory: D:/GameDev/Projects/INTRUDE/Source/scripts
[05-03-2022 00:04:58] Checking input_c
[05-03-2022 00:04:58] Directory: D:/GameDev/Projects/INTRUDE/Source/scripts/input_c
[05-03-2022 00:04:58] Checking fntStandard
[05-03-2022 00:04:58] Directory: D:/GameDev/Projects/INTRUDE/Source/scripts/fntStandard
[05-03-2022 00:04:58] Checking character_c
[05-03-2022 00:04:58] Directory: D:/GameDev/Projects/INTRUDE/Source/scripts/character_c
[05-03-2022 00:04:58] Checking cardinal_sprites_c
[05-03-2022 00:04:58] Directory: D:/GameDev/Projects/INTRUDE/Source/scripts/cardinal_sprites_c
[05-03-2022 00:04:58] Current parent directory: D:/GameDev/Projects/INTRUDE/Source/scripts/cardinal_sprites_c
[05-03-2022 00:04:58] Checking cardinal_sprites_c.yy
[05-03-2022 00:04:58] Parsing D:/GameDev/Projects/INTRUDE/Source/scripts/cardinal_sprites_c/cardinal_sprites_c.yy
[05-03-2022 00:04:58] Reading D:/GameDev/Projects/INTRUDE/Source/scripts/cardinal_sprites_c/cardinal_sprites_c.yy
[05-03-2022 00:04:58] Par: "folders/Scripts" at dir: "D:/GameDev/Projects/INTRUDE/Source/scripts/cardinal_sprites_c/cardinal_sprites_c.yy"
[05-03-2022 00:04:58] Found Script: cardinal_sprites_c
[05-03-2022 00:04:58] Checking cardinal_sprites_c.gml
[05-03-2022 00:04:58] Current parent directory: D:/GameDev/Projects/INTRUDE/Source/scripts/character_c
[05-03-2022 00:04:58] Checking character_c.yy
[05-03-2022 00:04:58] Parsing D:/GameDev/Projects/INTRUDE/Source/scripts/character_c/character_c.yy
[05-03-2022 00:04:58] Reading D:/GameDev/Projects/INTRUDE/Source/scripts/character_c/character_c.yy
[05-03-2022 00:04:58] Par: "folders/Scripts" at dir: "D:/GameDev/Projects/INTRUDE/Source/scripts/character_c/character_c.yy"
[05-03-2022 00:04:58] Found Script: character_c
[05-03-2022 00:04:58] Checking character_c.gml
[05-03-2022 00:04:58] Current parent directory: D:/GameDev/Projects/INTRUDE/Source/scripts/fntStandard
[05-03-2022 00:04:58] Checking fntStandard.yy
[05-03-2022 00:04:58] Parsing D:/GameDev/Projects/INTRUDE/Source/scripts/fntStandard/fntStandard.yy
[05-03-2022 00:04:58] Reading D:/GameDev/Projects/INTRUDE/Source/scripts/fntStandard/fntStandard.yy
[05-03-2022 00:04:58] Par: "folders/Scripts" at dir: "D:/GameDev/Projects/INTRUDE/Source/scripts/fntStandard/fntStandard.yy"
[05-03-2022 00:04:58] Found Script: fntStandard
[05-03-2022 00:04:58] Checking fntStandard.gml
[05-03-2022 00:04:58] Current parent directory: D:/GameDev/Projects/INTRUDE/Source/scripts/input_c
[05-03-2022 00:04:58] Checking input_c.yy
[05-03-2022 00:04:58] Parsing D:/GameDev/Projects/INTRUDE/Source/scripts/input_c/input_c.yy
[05-03-2022 00:04:58] Reading D:/GameDev/Projects/INTRUDE/Source/scripts/input_c/input_c.yy
[05-03-2022 00:04:58] Par: "folders/Scripts" at dir: "D:/GameDev/Projects/INTRUDE/Source/scripts/input_c/input_c.yy"
[05-03-2022 00:04:58] Found Script: input_c
[05-03-2022 00:04:58] Checking input_c.gml
[05-03-2022 00:04:58] Current parent directory: D:/GameDev/Projects/INTRUDE/Source/sequences
[05-03-2022 00:04:58] Current parent directory: D:/GameDev/Projects/INTRUDE/Source/shaders
[05-03-2022 00:04:58] Current parent directory: D:/GameDev/Projects/INTRUDE/Source/sounds
[05-03-2022 00:04:58] Current parent directory: D:/GameDev/Projects/INTRUDE/Source/sprites
[05-03-2022 00:04:58] Checking tlTiles
[05-03-2022 00:04:58] Directory: D:/GameDev/Projects/INTRUDE/Source/sprites/tlTiles
[05-03-2022 00:04:58] Checking sprTest
[05-03-2022 00:04:58] Directory: D:/GameDev/Projects/INTRUDE/Source/sprites/sprTest
[05-03-2022 00:04:58] Checking sprSparkles
[05-03-2022 00:04:58] Directory: D:/GameDev/Projects/INTRUDE/Source/sprites/sprSparkles
[05-03-2022 00:04:58] Checking sprSnake
[05-03-2022 00:04:58] Directory: D:/GameDev/Projects/INTRUDE/Source/sprites/sprSnake
[05-03-2022 00:04:58] Checking sprShadow
[05-03-2022 00:04:58] Directory: D:/GameDev/Projects/INTRUDE/Source/sprites/sprShadow
[05-03-2022 00:04:58] Checking sprPlayerWalkUp
[05-03-2022 00:04:58] Directory: D:/GameDev/Projects/INTRUDE/Source/sprites/sprPlayerWalkUp
[05-03-2022 00:04:58] Checking sprPlayerWalkRight
[05-03-2022 00:04:58] Directory: D:/GameDev/Projects/INTRUDE/Source/sprites/sprPlayerWalkRight
[05-03-2022 00:04:58] Checking sprPlayerWalkLeft
[05-03-2022 00:04:58] Directory: D:/GameDev/Projects/INTRUDE/Source/sprites/sprPlayerWalkLeft
[05-03-2022 00:04:58] Checking sprPlayerWalkDown
[05-03-2022 00:04:58] Directory: D:/GameDev/Projects/INTRUDE/Source/sprites/sprPlayerWalkDown
[05-03-2022 00:04:58] Checking sprPlayerPunchUp
[05-03-2022 00:04:58] Directory: D:/GameDev/Projects/INTRUDE/Source/sprites/sprPlayerPunchUp
[05-03-2022 00:04:58] Checking sprPlayerPunchRight
[05-03-2022 00:04:58] Directory: D:/GameDev/Projects/INTRUDE/Source/sprites/sprPlayerPunchRight
[05-03-2022 00:04:58] Checking sprPlayerPunchLeft
[05-03-2022 00:04:58] Directory: D:/GameDev/Projects/INTRUDE/Source/sprites/sprPlayerPunchLeft
[05-03-2022 00:04:58] Checking sprPlayerPunchDown
[05-03-2022 00:04:58] Directory: D:/GameDev/Projects/INTRUDE/Source/sprites/sprPlayerPunchDown
[05-03-2022 00:04:58] Checking sprPlayerIdleUp
[05-03-2022 00:04:58] Directory: D:/GameDev/Projects/INTRUDE/Source/sprites/sprPlayerIdleUp
[05-03-2022 00:04:58] Checking sprPlayerIdleRight
[05-03-2022 00:04:58] Directory: D:/GameDev/Projects/INTRUDE/Source/sprites/sprPlayerIdleRight
[05-03-2022 00:04:58] Checking sprPlayerIdleLeft
[05-03-2022 00:04:58] Directory: D:/GameDev/Projects/INTRUDE/Source/sprites/sprPlayerIdleLeft
[05-03-2022 00:04:58] Checking sprPlayerIdleDown
[05-03-2022 00:04:58] Directory: D:/GameDev/Projects/INTRUDE/Source/sprites/sprPlayerIdleDown
[05-03-2022 00:04:58] Checking sprPlayerCollision
[05-03-2022 00:04:58] Directory: D:/GameDev/Projects/INTRUDE/Source/sprites/sprPlayerCollision
[05-03-2022 00:04:58] Checking sprLogo
[05-03-2022 00:04:58] Directory: D:/GameDev/Projects/INTRUDE/Source/sprites/sprLogo
[05-03-2022 00:04:58] Checking sprItem
[05-03-2022 00:04:58] Directory: D:/GameDev/Projects/INTRUDE/Source/sprites/sprItem
[05-03-2022 00:04:58] Checking sprite2
[05-03-2022 00:04:58] Directory: D:/GameDev/Projects/INTRUDE/Source/sprites/sprite2
[05-03-2022 00:04:58] Checking sprite1
[05-03-2022 00:04:58] Directory: D:/GameDev/Projects/INTRUDE/Source/sprites/sprite1
[05-03-2022 00:04:58] Checking sprite0
[05-03-2022 00:04:58] Directory: D:/GameDev/Projects/INTRUDE/Source/sprites/sprite0
[05-03-2022 00:04:58] Checking sprInvisibleWall
[05-03-2022 00:04:58] Directory: D:/GameDev/Projects/INTRUDE/Source/sprites/sprInvisibleWall
[05-03-2022 00:04:58] Checking background0
[05-03-2022 00:04:58] Directory: D:/GameDev/Projects/INTRUDE/Source/sprites/background0
[05-03-2022 00:04:58] Current parent directory: D:/GameDev/Projects/INTRUDE/Source/sprites/background0
[05-03-2022 00:04:58] Checking layers
[05-03-2022 00:04:58] Directory: D:/GameDev/Projects/INTRUDE/Source/sprites/background0/layers
[05-03-2022 00:04:58] Checking background0.yy
[05-03-2022 00:04:58] Parsing D:/GameDev/Projects/INTRUDE/Source/sprites/background0/background0.yy
[05-03-2022 00:04:58] Reading D:/GameDev/Projects/INTRUDE/Source/sprites/background0/background0.yy
[05-03-2022 00:04:58] Par: "folders/Sprites/tilesets" at dir: "D:/GameDev/Projects/INTRUDE/Source/sprites/background0/background0.yy"
[05-03-2022 00:04:58] Found Sprite: background0
[05-03-2022 00:04:58] Checking 12a6312a-8181-49ae-8082-a9e51f65c6fc.png
[05-03-2022 00:04:58] Current parent directory: D:/GameDev/Projects/INTRUDE/Source/sprites/background0/layers
[05-03-2022 00:04:58] Checking 12a6312a-8181-49ae-8082-a9e51f65c6fc
[05-03-2022 00:04:58] Directory: D:/GameDev/Projects/INTRUDE/Source/sprites/background0/layers/12a6312a-8181-49ae-8082-a9e51f65c6fc
[05-03-2022 00:04:58] Current parent directory: D:/GameDev/Projects/INTRUDE/Source/sprites/background0/layers/12a6312a-8181-49ae-8082-a9e51f65c6fc
[05-03-2022 00:04:58] Checking 9517c10e-b3c7-450a-9664-32c306d5cc7c.png
[05-03-2022 00:04:58] Current parent directory: D:/GameDev/Projects/INTRUDE/Source/sprites/sprInvisibleWall
[05-03-2022 00:04:58] Checking sprInvisibleWall.yy
[05-03-2022 00:04:58] Parsing D:/GameDev/Projects/INTRUDE/Source/sprites/sprInvisibleWall/sprInvisibleWall.yy
[05-03-2022 00:04:58] Reading D:/GameDev/Projects/INTRUDE/Source/sprites/sprInvisibleWall/sprInvisibleWall.yy
[05-03-2022 00:04:58] Par: "folders/Sprites" at dir: "D:/GameDev/Projects/INTRUDE/Source/sprites/sprInvisibleWall/sprInvisibleWall.yy"
[05-03-2022 00:04:58] Found Sprite: sprInvisibleWall
[05-03-2022 00:04:58] Checking layers
[05-03-2022 00:04:58] Directory: D:/GameDev/Projects/INTRUDE/Source/sprites/sprInvisibleWall/layers
[05-03-2022 00:04:58] Checking 9341984b-bbb1-462c-ad8b-66496f19f32b.png
[05-03-2022 00:04:58] Current parent directory: D:/GameDev/Projects/INTRUDE/Source/sprites/sprInvisibleWall/layers
[05-03-2022 00:04:58] Checking 9341984b-bbb1-462c-ad8b-66496f19f32b
[05-03-2022 00:04:58] Directory: D:/GameDev/Projects/INTRUDE/Source/sprites/sprInvisibleWall/layers/9341984b-bbb1-462c-ad8b-66496f19f32b
[05-03-2022 00:04:58] Current parent directory: D:/GameDev/Projects/INTRUDE/Source/sprites/sprInvisibleWall/layers/9341984b-bbb1-462c-ad8b-66496f19f32b
[05-03-2022 00:04:58] Checking 2d37a3e0-326d-4c9c-b584-5f29701f0471.png
[05-03-2022 00:04:58] Current parent directory: D:/GameDev/Projects/INTRUDE/Source/sprites/sprite0
[05-03-2022 00:04:58] Checking sprite0.yy
[05-03-2022 00:04:58] Parsing D:/GameDev/Projects/INTRUDE/Source/sprites/sprite0/sprite0.yy
[05-03-2022 00:04:58] Reading D:/GameDev/Projects/INTRUDE/Source/sprites/sprite0/sprite0.yy
[05-03-2022 00:04:58] Par: "folders/Sprites" at dir: "D:/GameDev/Projects/INTRUDE/Source/sprites/sprite0/sprite0.yy"
[05-03-2022 00:04:58] Found Sprite: sprite0
[05-03-2022 00:04:58] Checking layers
[05-03-2022 00:04:58] Directory: D:/GameDev/Projects/INTRUDE/Source/sprites/sprite0/layers
[05-03-2022 00:04:58] Checking b7a46057-4e4b-441a-82a9-6be91f5c55ef.png
[05-03-2022 00:04:58] Current parent directory: D:/GameDev/Projects/INTRUDE/Source/sprites/sprite0/layers
[05-03-2022 00:04:58] Checking b7a46057-4e4b-441a-82a9-6be91f5c55ef
[05-03-2022 00:04:58] Directory: D:/GameDev/Projects/INTRUDE/Source/sprites/sprite0/layers/b7a46057-4e4b-441a-82a9-6be91f5c55ef
[05-03-2022 00:04:58] Current parent directory: D:/GameDev/Projects/INTRUDE/Source/sprites/sprite0/layers/b7a46057-4e4b-441a-82a9-6be91f5c55ef
[05-03-2022 00:04:58] Checking ada284ec-d105-469e-a81f-9b9a523c3a49.png
[05-03-2022 00:04:58] Current parent directory: D:/GameDev/Projects/INTRUDE/Source/sprites/sprite1
[05-03-2022 00:04:58] Checking sprite1.yy
[05-03-2022 00:04:58] Parsing D:/GameDev/Projects/INTRUDE/Source/sprites/sprite1/sprite1.yy
[05-03-2022 00:04:58] Reading D:/GameDev/Projects/INTRUDE/Source/sprites/sprite1/sprite1.yy
[05-03-2022 00:04:58] Par: "folders/Sprites" at dir: "D:/GameDev/Projects/INTRUDE/Source/sprites/sprite1/sprite1.yy"
[05-03-2022 00:04:58] Found Sprite: sprite1
[05-03-2022 00:04:58] Checking layers
[05-03-2022 00:04:58] Directory: D:/GameDev/Projects/INTRUDE/Source/sprites/sprite1/layers
[05-03-2022 00:04:58] Checking 033cdc87-fdb8-421d-9107-918a2b3597f6.png
[05-03-2022 00:04:58] Current parent directory: D:/GameDev/Projects/INTRUDE/Source/sprites/sprite1/layers
[05-03-2022 00:04:58] Checking 033cdc87-fdb8-421d-9107-918a2b3597f6
[05-03-2022 00:04:58] Directory: D:/GameDev/Projects/INTRUDE/Source/sprites/sprite1/layers/033cdc87-fdb8-421d-9107-918a2b3597f6
[05-03-2022 00:04:58] Current parent directory: D:/GameDev/Projects/INTRUDE/Source/sprites/sprite1/layers/033cdc87-fdb8-421d-9107-918a2b3597f6
[05-03-2022 00:04:58] Checking 8d1188e1-9070-4cb3-9e75-765075f62381.png
[05-03-2022 00:04:58] Current parent directory: D:/GameDev/Projects/INTRUDE/Source/sprites/sprite2
[05-03-2022 00:04:58] Checking sprite2.yy
[05-03-2022 00:04:58] Parsing D:/GameDev/Projects/INTRUDE/Source/sprites/sprite2/sprite2.yy
[05-03-2022 00:04:58] Reading D:/GameDev/Projects/INTRUDE/Source/sprites/sprite2/sprite2.yy
[05-03-2022 00:04:58] Par: "folders/Sprites" at dir: "D:/GameDev/Projects/INTRUDE/Source/sprites/sprite2/sprite2.yy"
[05-03-2022 00:04:58] Found Sprite: sprite2
[05-03-2022 00:04:58] Checking layers
[05-03-2022 00:04:58] Directory: D:/GameDev/Projects/INTRUDE/Source/sprites/sprite2/layers
[05-03-2022 00:04:58] Checking 795cfbdd-d773-4907-9c92-68ae0fa3c404.png
[05-03-2022 00:04:58] Current parent directory: D:/GameDev/Projects/INTRUDE/Source/sprites/sprite2/layers
[05-03-2022 00:04:58] Checking 795cfbdd-d773-4907-9c92-68ae0fa3c404
[05-03-2022 00:04:58] Directory: D:/GameDev/Projects/INTRUDE/Source/sprites/sprite2/layers/795cfbdd-d773-4907-9c92-68ae0fa3c404
[05-03-2022 00:04:58] Current parent directory: D:/GameDev/Projects/INTRUDE/Source/sprites/sprite2/layers/795cfbdd-d773-4907-9c92-68ae0fa3c404
[05-03-2022 00:04:58] Checking e95db2a8-0ddc-442d-97f2-29d8762acb7a.png
[05-03-2022 00:04:58] Current parent directory: D:/GameDev/Projects/INTRUDE/Source/sprites/sprItem
[05-03-2022 00:04:58] Checking sprItem.yy
[05-03-2022 00:04:58] Parsing D:/GameDev/Projects/INTRUDE/Source/sprites/sprItem/sprItem.yy
[05-03-2022 00:04:58] Reading D:/GameDev/Projects/INTRUDE/Source/sprites/sprItem/sprItem.yy
[05-03-2022 00:04:58] Par: "folders/Sprites" at dir: "D:/GameDev/Projects/INTRUDE/Source/sprites/sprItem/sprItem.yy"
[05-03-2022 00:04:58] Found Sprite: sprItem
[05-03-2022 00:04:58] Checking layers
[05-03-2022 00:04:58] Directory: D:/GameDev/Projects/INTRUDE/Source/sprites/sprItem/layers
[05-03-2022 00:04:58] Checking ab99890f-ebf7-493b-99fb-6f5f67b86af7.png
[05-03-2022 00:04:58] Current parent directory: D:/GameDev/Projects/INTRUDE/Source/sprites/sprItem/layers
[05-03-2022 00:04:58] Checking ab99890f-ebf7-493b-99fb-6f5f67b86af7
[05-03-2022 00:04:58] Directory: D:/GameDev/Projects/INTRUDE/Source/sprites/sprItem/layers/ab99890f-ebf7-493b-99fb-6f5f67b86af7
[05-03-2022 00:04:58] Current parent directory: D:/GameDev/Projects/INTRUDE/Source/sprites/sprItem/layers/ab99890f-ebf7-493b-99fb-6f5f67b86af7
[05-03-2022 00:04:58] Checking 6772b3b1-59cb-4b54-8b9a-843454a37f92.png
[05-03-2022 00:04:58] Current parent directory: D:/GameDev/Projects/INTRUDE/Source/sprites/sprLogo
[05-03-2022 00:04:58] Checking sprLogo.yy
[05-03-2022 00:04:58] Parsing D:/GameDev/Projects/INTRUDE/Source/sprites/sprLogo/sprLogo.yy
[05-03-2022 00:04:58] Reading D:/GameDev/Projects/INTRUDE/Source/sprites/sprLogo/sprLogo.yy
[05-03-2022 00:04:58] Par: "folders/Sprites" at dir: "D:/GameDev/Projects/INTRUDE/Source/sprites/sprLogo/sprLogo.yy"
[05-03-2022 00:04:58] Found Sprite: sprLogo
[05-03-2022 00:04:58] Checking layers
[05-03-2022 00:04:58] Directory: D:/GameDev/Projects/INTRUDE/Source/sprites/sprLogo/layers
[05-03-2022 00:04:58] Checking 4aafa39b-6a3c-4267-8242-a425cde92805.png
[05-03-2022 00:04:58] Current parent directory: D:/GameDev/Projects/INTRUDE/Source/sprites/sprLogo/layers
[05-03-2022 00:04:58] Checking 4aafa39b-6a3c-4267-8242-a425cde92805
[05-03-2022 00:04:58] Directory: D:/GameDev/Projects/INTRUDE/Source/sprites/sprLogo/layers/4aafa39b-6a3c-4267-8242-a425cde92805
[05-03-2022 00:04:58] Current parent directory: D:/GameDev/Projects/INTRUDE/Source/sprites/sprLogo/layers/4aafa39b-6a3c-4267-8242-a425cde92805
[05-03-2022 00:04:58] Checking 53c70d71-1dca-46ac-a17a-3c33b211857a.png
[05-03-2022 00:04:58] Current parent directory: D:/GameDev/Projects/INTRUDE/Source/sprites/sprPlayerCollision
[05-03-2022 00:04:58] Checking sprPlayerCollision.yy
[05-03-2022 00:04:58] Parsing D:/GameDev/Projects/INTRUDE/Source/sprites/sprPlayerCollision/sprPlayerCollision.yy
[05-03-2022 00:04:58] Reading D:/GameDev/Projects/INTRUDE/Source/sprites/sprPlayerCollision/sprPlayerCollision.yy
[05-03-2022 00:04:58] Par: "folders/Sprites" at dir: "D:/GameDev/Projects/INTRUDE/Source/sprites/sprPlayerCollision/sprPlayerCollision.yy"
[05-03-2022 00:04:58] Found Sprite: sprPlayerCollision
[05-03-2022 00:04:58] Checking layers
[05-03-2022 00:04:58] Directory: D:/GameDev/Projects/INTRUDE/Source/sprites/sprPlayerCollision/layers
[05-03-2022 00:04:58] Checking 7d924cb6-4127-4f0f-91b3-fdd3317e2b23.png
[05-03-2022 00:04:58] Current parent directory: D:/GameDev/Projects/INTRUDE/Source/sprites/sprPlayerCollision/layers
[05-03-2022 00:04:58] Checking 7d924cb6-4127-4f0f-91b3-fdd3317e2b23
[05-03-2022 00:04:58] Directory: D:/GameDev/Projects/INTRUDE/Source/sprites/sprPlayerCollision/layers/7d924cb6-4127-4f0f-91b3-fdd3317e2b23
[05-03-2022 00:04:58] Current parent directory: D:/GameDev/Projects/INTRUDE/Source/sprites/sprPlayerCollision/layers/7d924cb6-4127-4f0f-91b3-fdd3317e2b23
[05-03-2022 00:04:58] Checking ef22dbe1-7c5f-4265-9d8e-5fb9865843dd.png
[05-03-2022 00:04:58] Current parent directory: D:/GameDev/Projects/INTRUDE/Source/sprites/sprPlayerIdleDown
[05-03-2022 00:04:58] Checking sprPlayerIdleDown.yy
[05-03-2022 00:04:58] Parsing D:/GameDev/Projects/INTRUDE/Source/sprites/sprPlayerIdleDown/sprPlayerIdleDown.yy
[05-03-2022 00:04:58] Reading D:/GameDev/Projects/INTRUDE/Source/sprites/sprPlayerIdleDown/sprPlayerIdleDown.yy
[05-03-2022 00:04:58] Par: "folders/Sprites/Snake/Idle" at dir: "D:/GameDev/Projects/INTRUDE/Source/sprites/sprPlayerIdleDown/sprPlayerIdleDown.yy"
[05-03-2022 00:04:58] Found Sprite: sprPlayerIdleDown
[05-03-2022 00:04:58] Checking layers
[05-03-2022 00:04:58] Directory: D:/GameDev/Projects/INTRUDE/Source/sprites/sprPlayerIdleDown/layers
[05-03-2022 00:04:58] Checking 12e9588a-69ad-4785-8504-257a3eec41c9.png
[05-03-2022 00:04:58] Current parent directory: D:/GameDev/Projects/INTRUDE/Source/sprites/sprPlayerIdleDown/layers
[05-03-2022 00:04:58] Checking 12e9588a-69ad-4785-8504-257a3eec41c9
[05-03-2022 00:04:58] Directory: D:/GameDev/Projects/INTRUDE/Source/sprites/sprPlayerIdleDown/layers/12e9588a-69ad-4785-8504-257a3eec41c9
[05-03-2022 00:04:58] Current parent directory: D:/GameDev/Projects/INTRUDE/Source/sprites/sprPlayerIdleDown/layers/12e9588a-69ad-4785-8504-257a3eec41c9
[05-03-2022 00:04:58] Checking 344bf442-f1cb-49c5-9f73-6496c20cb14e.png
[05-03-2022 00:04:58] Current parent directory: D:/GameDev/Projects/INTRUDE/Source/sprites/sprPlayerIdleLeft
[05-03-2022 00:04:58] Checking sprPlayerIdleLeft.yy
[05-03-2022 00:04:58] Parsing D:/GameDev/Projects/INTRUDE/Source/sprites/sprPlayerIdleLeft/sprPlayerIdleLeft.yy
[05-03-2022 00:04:58] Reading D:/GameDev/Projects/INTRUDE/Source/sprites/sprPlayerIdleLeft/sprPlayerIdleLeft.yy
[05-03-2022 00:04:58] Par: "folders/Sprites/Snake/Idle" at dir: "D:/GameDev/Projects/INTRUDE/Source/sprites/sprPlayerIdleLeft/sprPlayerIdleLeft.yy"
[05-03-2022 00:04:58] Found Sprite: sprPlayerIdleLeft
[05-03-2022 00:04:58] Checking layers
[05-03-2022 00:04:58] Directory: D:/GameDev/Projects/INTRUDE/Source/sprites/sprPlayerIdleLeft/layers
[05-03-2022 00:04:58] Checking eff8994d-4404-484a-8bb3-01f6965e7ca0.png
[05-03-2022 00:04:58] Current parent directory: D:/GameDev/Projects/INTRUDE/Source/sprites/sprPlayerIdleLeft/layers
[05-03-2022 00:04:58] Checking eff8994d-4404-484a-8bb3-01f6965e7ca0
[05-03-2022 00:04:58] Directory: D:/GameDev/Projects/INTRUDE/Source/sprites/sprPlayerIdleLeft/layers/eff8994d-4404-484a-8bb3-01f6965e7ca0
[05-03-2022 00:04:58] Current parent directory: D:/GameDev/Projects/INTRUDE/Source/sprites/sprPlayerIdleLeft/layers/eff8994d-4404-484a-8bb3-01f6965e7ca0
[05-03-2022 00:04:58] Checking 8f689fa0-612d-45a2-aa1b-f5ba6357a49a.png
[05-03-2022 00:04:58] Current parent directory: D:/GameDev/Projects/INTRUDE/Source/sprites/sprPlayerIdleRight
[05-03-2022 00:04:58] Checking sprPlayerIdleRight.yy
[05-03-2022 00:04:58] Parsing D:/GameDev/Projects/INTRUDE/Source/sprites/sprPlayerIdleRight/sprPlayerIdleRight.yy
[05-03-2022 00:04:58] Reading D:/GameDev/Projects/INTRUDE/Source/sprites/sprPlayerIdleRight/sprPlayerIdleRight.yy
[05-03-2022 00:04:58] Par: "folders/Sprites/Snake/Idle" at dir: "D:/GameDev/Projects/INTRUDE/Source/sprites/sprPlayerIdleRight/sprPlayerIdleRight.yy"
[05-03-2022 00:04:58] Found Sprite: sprPlayerIdleRight
[05-03-2022 00:04:58] Checking layers
[05-03-2022 00:04:58] Directory: D:/GameDev/Projects/INTRUDE/Source/sprites/sprPlayerIdleRight/layers
[05-03-2022 00:04:58] Checking 7f4de06a-ad51-4a33-b462-496b5522dad0.png
[05-03-2022 00:04:58] Current parent directory: D:/GameDev/Projects/INTRUDE/Source/sprites/sprPlayerIdleRight/layers
[05-03-2022 00:04:58] Checking 7f4de06a-ad51-4a33-b462-496b5522dad0
[05-03-2022 00:04:58] Directory: D:/GameDev/Projects/INTRUDE/Source/sprites/sprPlayerIdleRight/layers/7f4de06a-ad51-4a33-b462-496b5522dad0
[05-03-2022 00:04:58] Current parent directory: D:/GameDev/Projects/INTRUDE/Source/sprites/sprPlayerIdleRight/layers/7f4de06a-ad51-4a33-b462-496b5522dad0
[05-03-2022 00:04:58] Checking ffc6abe7-a17b-4e55-b791-745627856469.png
[05-03-2022 00:04:58] Current parent directory: D:/GameDev/Projects/INTRUDE/Source/sprites/sprPlayerIdleUp
[05-03-2022 00:04:58] Checking sprPlayerIdleUp.yy
[05-03-2022 00:04:58] Parsing D:/GameDev/Projects/INTRUDE/Source/sprites/sprPlayerIdleUp/sprPlayerIdleUp.yy
[05-03-2022 00:04:58] Reading D:/GameDev/Projects/INTRUDE/Source/sprites/sprPlayerIdleUp/sprPlayerIdleUp.yy
[05-03-2022 00:04:58] Par: "folders/Sprites/Snake/Idle" at dir: "D:/GameDev/Projects/INTRUDE/Source/sprites/sprPlayerIdleUp/sprPlayerIdleUp.yy"
[05-03-2022 00:04:58] Found Sprite: sprPlayerIdleUp
[05-03-2022 00:04:58] Checking layers
[05-03-2022 00:04:58] Directory: D:/GameDev/Projects/INTRUDE/Source/sprites/sprPlayerIdleUp/layers
[05-03-2022 00:04:58] Checking da2ab5b9-9c80-449f-9b5c-d7473d883c2f.png
[05-03-2022 00:04:58] Current parent directory: D:/GameDev/Projects/INTRUDE/Source/sprites/sprPlayerIdleUp/layers
[05-03-2022 00:04:58] Checking da2ab5b9-9c80-449f-9b5c-d7473d883c2f
[05-03-2022 00:04:58] Directory: D:/GameDev/Projects/INTRUDE/Source/sprites/sprPlayerIdleUp/layers/da2ab5b9-9c80-449f-9b5c-d7473d883c2f
[05-03-2022 00:04:58] Current parent directory: D:/GameDev/Projects/INTRUDE/Source/sprites/sprPlayerIdleUp/layers/da2ab5b9-9c80-449f-9b5c-d7473d883c2f
[05-03-2022 00:04:58] Checking fc1dd017-0c39-4f00-bddc-89f880957d5d.png
[05-03-2022 00:04:58] Current parent directory: D:/GameDev/Projects/INTRUDE/Source/sprites/sprPlayerPunchDown
[05-03-2022 00:04:58] Checking sprPlayerPunchDown.yy
[05-03-2022 00:04:58] Parsing D:/GameDev/Projects/INTRUDE/Source/sprites/sprPlayerPunchDown/sprPlayerPunchDown.yy
[05-03-2022 00:04:58] Reading D:/GameDev/Projects/INTRUDE/Source/sprites/sprPlayerPunchDown/sprPlayerPunchDown.yy
[05-03-2022 00:04:58] Par: "folders/Sprites/Snake/Punch" at dir: "D:/GameDev/Projects/INTRUDE/Source/sprites/sprPlayerPunchDown/sprPlayerPunchDown.yy"
[05-03-2022 00:04:58] Found Sprite: sprPlayerPunchDown
[05-03-2022 00:04:58] Checking layers
[05-03-2022 00:04:58] Directory: D:/GameDev/Projects/INTRUDE/Source/sprites/sprPlayerPunchDown/layers
[05-03-2022 00:04:58] Checking d6bee97b-4a5c-403f-a9d4-c8514378b9a7.png
[05-03-2022 00:04:58] Checking b4af0fe3-b211-4105-8793-28f043328427.png
[05-03-2022 00:04:58] Checking 3c152324-bc88-4a33-8e24-7933c3d29673.png
[05-03-2022 00:04:58] Checking 1729fdaa-a7d1-4ccd-b13d-4c21ff3b86b2.png
[05-03-2022 00:04:58] Checking 0f84bef7-b295-4022-a971-8c7f5a46c202.png
[05-03-2022 00:04:58] Current parent directory: D:/GameDev/Projects/INTRUDE/Source/sprites/sprPlayerPunchDown/layers
[05-03-2022 00:04:58] Checking d6bee97b-4a5c-403f-a9d4-c8514378b9a7
[05-03-2022 00:04:58] Directory: D:/GameDev/Projects/INTRUDE/Source/sprites/sprPlayerPunchDown/layers/d6bee97b-4a5c-403f-a9d4-c8514378b9a7
[05-03-2022 00:04:58] Checking b4af0fe3-b211-4105-8793-28f043328427
[05-03-2022 00:04:58] Directory: D:/GameDev/Projects/INTRUDE/Source/sprites/sprPlayerPunchDown/layers/b4af0fe3-b211-4105-8793-28f043328427
[05-03-2022 00:04:58] Checking 3c152324-bc88-4a33-8e24-7933c3d29673
[05-03-2022 00:04:58] Directory: D:/GameDev/Projects/INTRUDE/Source/sprites/sprPlayerPunchDown/layers/3c152324-bc88-4a33-8e24-7933c3d29673
[05-03-2022 00:04:58] Checking 1729fdaa-a7d1-4ccd-b13d-4c21ff3b86b2
[05-03-2022 00:04:58] Directory: D:/GameDev/Projects/INTRUDE/Source/sprites/sprPlayerPunchDown/layers/1729fdaa-a7d1-4ccd-b13d-4c21ff3b86b2
[05-03-2022 00:04:58] Checking 0f84bef7-b295-4022-a971-8c7f5a46c202
[05-03-2022 00:04:58] Directory: D:/GameDev/Projects/INTRUDE/Source/sprites/sprPlayerPunchDown/layers/0f84bef7-b295-4022-a971-8c7f5a46c202
[05-03-2022 00:04:58] Current parent directory: D:/GameDev/Projects/INTRUDE/Source/sprites/sprPlayerPunchDown/layers/0f84bef7-b295-4022-a971-8c7f5a46c202
[05-03-2022 00:04:58] Checking 35d831f6-a503-4623-8c58-1149f3da8ed2.png
[05-03-2022 00:04:58] Current parent directory: D:/GameDev/Projects/INTRUDE/Source/sprites/sprPlayerPunchDown/layers/1729fdaa-a7d1-4ccd-b13d-4c21ff3b86b2
[05-03-2022 00:04:58] Checking 35d831f6-a503-4623-8c58-1149f3da8ed2.png
[05-03-2022 00:04:58] Current parent directory: D:/GameDev/Projects/INTRUDE/Source/sprites/sprPlayerPunchDown/layers/3c152324-bc88-4a33-8e24-7933c3d29673
[05-03-2022 00:04:58] Checking 35d831f6-a503-4623-8c58-1149f3da8ed2.png
[05-03-2022 00:04:58] Current parent directory: D:/GameDev/Projects/INTRUDE/Source/sprites/sprPlayerPunchDown/layers/b4af0fe3-b211-4105-8793-28f043328427
[05-03-2022 00:04:58] Checking 35d831f6-a503-4623-8c58-1149f3da8ed2.png
[05-03-2022 00:04:58] Current parent directory: D:/GameDev/Projects/INTRUDE/Source/sprites/sprPlayerPunchDown/layers/d6bee97b-4a5c-403f-a9d4-c8514378b9a7
[05-03-2022 00:04:58] Checking 35d831f6-a503-4623-8c58-1149f3da8ed2.png
[05-03-2022 00:04:58] Current parent directory: D:/GameDev/Projects/INTRUDE/Source/sprites/sprPlayerPunchLeft
[05-03-2022 00:04:58] Checking sprPlayerPunchLeft.yy
[05-03-2022 00:04:58] Parsing D:/GameDev/Projects/INTRUDE/Source/sprites/sprPlayerPunchLeft/sprPlayerPunchLeft.yy
[05-03-2022 00:04:58] Reading D:/GameDev/Projects/INTRUDE/Source/sprites/sprPlayerPunchLeft/sprPlayerPunchLeft.yy
[05-03-2022 00:04:58] Par: "folders/Sprites/Snake/Punch" at dir: "D:/GameDev/Projects/INTRUDE/Source/sprites/sprPlayerPunchLeft/sprPlayerPunchLeft.yy"
[05-03-2022 00:04:58] Found Sprite: sprPlayerPunchLeft
[05-03-2022 00:04:58] Checking layers
[05-03-2022 00:04:58] Directory: D:/GameDev/Projects/INTRUDE/Source/sprites/sprPlayerPunchLeft/layers
[05-03-2022 00:04:58] Checking f5f04668-415c-4b97-8612-9ae51d10d620.png
[05-03-2022 00:04:58] Checking 8398b81e-509c-4ea5-9098-d6e37b5eeaac.png
[05-03-2022 00:04:58] Checking 6904bfd1-f08e-47f9-b0f6-067becd78945.png
[05-03-2022 00:04:58] Checking 56adb5bb-5dc4-4ad1-9a42-f4ec62b8eecd.png
[05-03-2022 00:04:58] Checking 498000c1-5b2e-45fc-9c46-ccd5d8f308da.png
[05-03-2022 00:04:58] Current parent directory: D:/GameDev/Projects/INTRUDE/Source/sprites/sprPlayerPunchLeft/layers
[05-03-2022 00:04:58] Checking f5f04668-415c-4b97-8612-9ae51d10d620
[05-03-2022 00:04:58] Directory: D:/GameDev/Projects/INTRUDE/Source/sprites/sprPlayerPunchLeft/layers/f5f04668-415c-4b97-8612-9ae51d10d620
[05-03-2022 00:04:58] Checking 8398b81e-509c-4ea5-9098-d6e37b5eeaac
[05-03-2022 00:04:58] Directory: D:/GameDev/Projects/INTRUDE/Source/sprites/sprPlayerPunchLeft/layers/8398b81e-509c-4ea5-9098-d6e37b5eeaac
[05-03-2022 00:04:58] Checking 6904bfd1-f08e-47f9-b0f6-067becd78945
[05-03-2022 00:04:58] Directory: D:/GameDev/Projects/INTRUDE/Source/sprites/sprPlayerPunchLeft/layers/6904bfd1-f08e-47f9-b0f6-067becd78945
[05-03-2022 00:04:58] Checking 56adb5bb-5dc4-4ad1-9a42-f4ec62b8eecd
[05-03-2022 00:04:58] Directory: D:/GameDev/Projects/INTRUDE/Source/sprites/sprPlayerPunchLeft/layers/56adb5bb-5dc4-4ad1-9a42-f4ec62b8eecd
[05-03-2022 00:04:58] Checking 498000c1-5b2e-45fc-9c46-ccd5d8f308da
[05-03-2022 00:04:58] Directory: D:/GameDev/Projects/INTRUDE/Source/sprites/sprPlayerPunchLeft/layers/498000c1-5b2e-45fc-9c46-ccd5d8f308da
[05-03-2022 00:04:58] Current parent directory: D:/GameDev/Projects/INTRUDE/Source/sprites/sprPlayerPunchLeft/layers/498000c1-5b2e-45fc-9c46-ccd5d8f308da
[05-03-2022 00:04:58] Checking c6720780-4807-4d42-bfa2-467db4a3640d.png
[05-03-2022 00:04:58] Current parent directory: D:/GameDev/Projects/INTRUDE/Source/sprites/sprPlayerPunchLeft/layers/56adb5bb-5dc4-4ad1-9a42-f4ec62b8eecd
[05-03-2022 00:04:58] Checking c6720780-4807-4d42-bfa2-467db4a3640d.png
[05-03-2022 00:04:58] Current parent directory: D:/GameDev/Projects/INTRUDE/Source/sprites/sprPlayerPunchLeft/layers/6904bfd1-f08e-47f9-b0f6-067becd78945
[05-03-2022 00:04:58] Checking c6720780-4807-4d42-bfa2-467db4a3640d.png
[05-03-2022 00:04:58] Current parent directory: D:/GameDev/Projects/INTRUDE/Source/sprites/sprPlayerPunchLeft/layers/8398b81e-509c-4ea5-9098-d6e37b5eeaac
[05-03-2022 00:04:58] Checking c6720780-4807-4d42-bfa2-467db4a3640d.png
[05-03-2022 00:04:58] Current parent directory: D:/GameDev/Projects/INTRUDE/Source/sprites/sprPlayerPunchLeft/layers/f5f04668-415c-4b97-8612-9ae51d10d620
[05-03-2022 00:04:58] Checking c6720780-4807-4d42-bfa2-467db4a3640d.png
[05-03-2022 00:04:58] Current parent directory: D:/GameDev/Projects/INTRUDE/Source/sprites/sprPlayerPunchRight
[05-03-2022 00:04:58] Checking sprPlayerPunchRight.yy
[05-03-2022 00:04:58] Parsing D:/GameDev/Projects/INTRUDE/Source/sprites/sprPlayerPunchRight/sprPlayerPunchRight.yy
[05-03-2022 00:04:58] Reading D:/GameDev/Projects/INTRUDE/Source/sprites/sprPlayerPunchRight/sprPlayerPunchRight.yy
[05-03-2022 00:04:58] Par: "folders/Sprites/Snake/Punch" at dir: "D:/GameDev/Projects/INTRUDE/Source/sprites/sprPlayerPunchRight/sprPlayerPunchRight.yy"
[05-03-2022 00:04:58] Found Sprite: sprPlayerPunchRight
[05-03-2022 00:04:58] Checking layers
[05-03-2022 00:04:58] Directory: D:/GameDev/Projects/INTRUDE/Source/sprites/sprPlayerPunchRight/layers
[05-03-2022 00:04:58] Checking fd33defa-fdfb-4bfe-bd13-0b3062e2b2ad.png
[05-03-2022 00:04:58] Checking db71f257-f4de-4d82-a641-d05574e9eaaf.png
[05-03-2022 00:04:58] Checking d05583a9-82c7-4c6a-85f1-4c62da4e4cf5.png
[05-03-2022 00:04:58] Checking acfed868-bf1d-4c91-ab18-d756a36575c5.png
[05-03-2022 00:04:58] Checking 8c52eaa0-d9d6-4057-bf5f-fb5a8db5885a.png
[05-03-2022 00:04:58] Checking 8ab39be8-b79c-4cc8-a312-2963de457d57.png
[05-03-2022 00:04:58] Checking 7478e872-7443-4bdf-b663-46728b3cc4ab.png
[05-03-2022 00:04:58] Checking 567513ac-88e4-4bb2-9d39-536dbabf6957.png
[05-03-2022 00:04:58] Checking 1583d4b8-0def-43a1-b243-997bd69f3ab0.png
[05-03-2022 00:04:58] Current parent directory: D:/GameDev/Projects/INTRUDE/Source/sprites/sprPlayerPunchRight/layers
[05-03-2022 00:04:58] Checking fd33defa-fdfb-4bfe-bd13-0b3062e2b2ad
[05-03-2022 00:04:58] Directory: D:/GameDev/Projects/INTRUDE/Source/sprites/sprPlayerPunchRight/layers/fd33defa-fdfb-4bfe-bd13-0b3062e2b2ad
[05-03-2022 00:04:58] Checking db71f257-f4de-4d82-a641-d05574e9eaaf
[05-03-2022 00:04:58] Directory: D:/GameDev/Projects/INTRUDE/Source/sprites/sprPlayerPunchRight/layers/db71f257-f4de-4d82-a641-d05574e9eaaf
[05-03-2022 00:04:58] Checking d05583a9-82c7-4c6a-85f1-4c62da4e4cf5
[05-03-2022 00:04:58] Directory: D:/GameDev/Projects/INTRUDE/Source/sprites/sprPlayerPunchRight/layers/d05583a9-82c7-4c6a-85f1-4c62da4e4cf5
[05-03-2022 00:04:58] Checking acfed868-bf1d-4c91-ab18-d756a36575c5
[05-03-2022 00:04:58] Directory: D:/GameDev/Projects/INTRUDE/Source/sprites/sprPlayerPunchRight/layers/acfed868-bf1d-4c91-ab18-d756a36575c5
[05-03-2022 00:04:58] Checking 8c52eaa0-d9d6-4057-bf5f-fb5a8db5885a
[05-03-2022 00:04:58] Directory: D:/GameDev/Projects/INTRUDE/Source/sprites/sprPlayerPunchRight/layers/8c52eaa0-d9d6-4057-bf5f-fb5a8db5885a
[05-03-2022 00:04:58] Checking 8ab39be8-b79c-4cc8-a312-2963de457d57
[05-03-2022 00:04:58] Directory: D:/GameDev/Projects/INTRUDE/Source/sprites/sprPlayerPunchRight/layers/8ab39be8-b79c-4cc8-a312-2963de457d57
[05-03-2022 00:04:58] Checking 7478e872-7443-4bdf-b663-46728b3cc4ab
[05-03-2022 00:04:58] Directory: D:/GameDev/Projects/INTRUDE/Source/sprites/sprPlayerPunchRight/layers/7478e872-7443-4bdf-b663-46728b3cc4ab
[05-03-2022 00:04:58] Checking 567513ac-88e4-4bb2-9d39-536dbabf6957
[05-03-2022 00:04:58] Directory: D:/GameDev/Projects/INTRUDE/Source/sprites/sprPlayerPunchRight/layers/567513ac-88e4-4bb2-9d39-536dbabf6957
[05-03-2022 00:04:58] Checking 1583d4b8-0def-43a1-b243-997bd69f3ab0
[05-03-2022 00:04:58] Directory: D:/GameDev/Projects/INTRUDE/Source/sprites/sprPlayerPunchRight/layers/1583d4b8-0def-43a1-b243-997bd69f3ab0
[05-03-2022 00:04:58] Current parent directory: D:/GameDev/Projects/INTRUDE/Source/sprites/sprPlayerPunchRight/layers/1583d4b8-0def-43a1-b243-997bd69f3ab0
[05-03-2022 00:04:58] Checking 9f493ecd-aa46-467b-addd-3390b43d7934.png
[05-03-2022 00:04:58] Current parent directory: D:/GameDev/Projects/INTRUDE/Source/sprites/sprPlayerPunchRight/layers/567513ac-88e4-4bb2-9d39-536dbabf6957
[05-03-2022 00:04:58] Checking 9f493ecd-aa46-467b-addd-3390b43d7934.png
[05-03-2022 00:04:58] Current parent directory: D:/GameDev/Projects/INTRUDE/Source/sprites/sprPlayerPunchRight/layers/7478e872-7443-4bdf-b663-46728b3cc4ab
[05-03-2022 00:04:58] Checking 9f493ecd-aa46-467b-addd-3390b43d7934.png
[05-03-2022 00:04:58] Current parent directory: D:/GameDev/Projects/INTRUDE/Source/sprites/sprPlayerPunchRight/layers/8ab39be8-b79c-4cc8-a312-2963de457d57
[05-03-2022 00:04:58] Checking 9f493ecd-aa46-467b-addd-3390b43d7934.png
[05-03-2022 00:04:58] Current parent directory: D:/GameDev/Projects/INTRUDE/Source/sprites/sprPlayerPunchRight/layers/8c52eaa0-d9d6-4057-bf5f-fb5a8db5885a
[05-03-2022 00:04:58] Checking d5cec959-6e55-45aa-9d68-91e6bb435378.png
[05-03-2022 00:04:58] Current parent directory: D:/GameDev/Projects/INTRUDE/Source/sprites/sprPlayerPunchRight/layers/acfed868-bf1d-4c91-ab18-d756a36575c5
[05-03-2022 00:04:58] Checking d5cec959-6e55-45aa-9d68-91e6bb435378.png
[05-03-2022 00:04:58] Current parent directory: D:/GameDev/Projects/INTRUDE/Source/sprites/sprPlayerPunchRight/layers/d05583a9-82c7-4c6a-85f1-4c62da4e4cf5
[05-03-2022 00:04:58] Checking d5cec959-6e55-45aa-9d68-91e6bb435378.png
[05-03-2022 00:04:58] Current parent directory: D:/GameDev/Projects/INTRUDE/Source/sprites/sprPlayerPunchRight/layers/db71f257-f4de-4d82-a641-d05574e9eaaf
[05-03-2022 00:04:58] Checking d5cec959-6e55-45aa-9d68-91e6bb435378.png
[05-03-2022 00:04:58] Current parent directory: D:/GameDev/Projects/INTRUDE/Source/sprites/sprPlayerPunchRight/layers/fd33defa-fdfb-4bfe-bd13-0b3062e2b2ad
[05-03-2022 00:04:58] Checking d5cec959-6e55-45aa-9d68-91e6bb435378.png
[05-03-2022 00:04:58] Current parent directory: D:/GameDev/Projects/INTRUDE/Source/sprites/sprPlayerPunchUp
[05-03-2022 00:04:58] Checking sprPlayerPunchUp.yy
[05-03-2022 00:04:58] Parsing D:/GameDev/Projects/INTRUDE/Source/sprites/sprPlayerPunchUp/sprPlayerPunchUp.yy
[05-03-2022 00:04:58] Reading D:/GameDev/Projects/INTRUDE/Source/sprites/sprPlayerPunchUp/sprPlayerPunchUp.yy
[05-03-2022 00:04:58] Par: "folders/Sprites/Snake/Punch" at dir: "D:/GameDev/Projects/INTRUDE/Source/sprites/sprPlayerPunchUp/sprPlayerPunchUp.yy"
[05-03-2022 00:04:58] Found Sprite: sprPlayerPunchUp
[05-03-2022 00:04:58] Checking layers
[05-03-2022 00:04:58] Directory: D:/GameDev/Projects/INTRUDE/Source/sprites/sprPlayerPunchUp/layers
[05-03-2022 00:04:58] Checking a187a24f-1f72-4813-8909-6835e8472fc3.png
[05-03-2022 00:04:58] Checking 8a5b82f1-ffd8-40ed-a4a0-8d157e58839c.png
[05-03-2022 00:04:58] Checking 48d91686-eeba-4f30-bc8e-8bfea4f7889c.png
[05-03-2022 00:04:58] Checking 40d62a68-81a1-4828-8d04-d4e368f671ba.png
[05-03-2022 00:04:58] Checking 3abdc379-4755-498f-b234-450a94de6ec2.png
[05-03-2022 00:04:58] Current parent directory: D:/GameDev/Projects/INTRUDE/Source/sprites/sprPlayerPunchUp/layers
[05-03-2022 00:04:58] Checking a187a24f-1f72-4813-8909-6835e8472fc3
[05-03-2022 00:04:58] Directory: D:/GameDev/Projects/INTRUDE/Source/sprites/sprPlayerPunchUp/layers/a187a24f-1f72-4813-8909-6835e8472fc3
[05-03-2022 00:04:58] Checking 8a5b82f1-ffd8-40ed-a4a0-8d157e58839c
[05-03-2022 00:04:58] Directory: D:/GameDev/Projects/INTRUDE/Source/sprites/sprPlayerPunchUp/layers/8a5b82f1-ffd8-40ed-a4a0-8d157e58839c
[05-03-2022 00:04:58] Checking 48d91686-eeba-4f30-bc8e-8bfea4f7889c
[05-03-2022 00:04:58] Directory: D:/GameDev/Projects/INTRUDE/Source/sprites/sprPlayerPunchUp/layers/48d91686-eeba-4f30-bc8e-8bfea4f7889c
[05-03-2022 00:04:58] Checking 40d62a68-81a1-4828-8d04-d4e368f671ba
[05-03-2022 00:04:58] Directory: D:/GameDev/Projects/INTRUDE/Source/sprites/sprPlayerPunchUp/layers/40d62a68-81a1-4828-8d04-d4e368f671ba
[05-03-2022 00:04:58] Checking 3abdc379-4755-498f-b234-450a94de6ec2
[05-03-2022 00:04:58] Directory: D:/GameDev/Projects/INTRUDE/Source/sprites/sprPlayerPunchUp/layers/3abdc379-4755-498f-b234-450a94de6ec2
[05-03-2022 00:04:58] Current parent directory: D:/GameDev/Projects/INTRUDE/Source/sprites/sprPlayerPunchUp/layers/3abdc379-4755-498f-b234-450a94de6ec2
[05-03-2022 00:04:58] Checking a8350c53-6ae0-4fbe-a366-9c22c73ba92b.png
[05-03-2022 00:04:58] Current parent directory: D:/GameDev/Projects/INTRUDE/Source/sprites/sprPlayerPunchUp/layers/40d62a68-81a1-4828-8d04-d4e368f671ba
[05-03-2022 00:04:58] Checking a8350c53-6ae0-4fbe-a366-9c22c73ba92b.png
[05-03-2022 00:04:58] Current parent directory: D:/GameDev/Projects/INTRUDE/Source/sprites/sprPlayerPunchUp/layers/48d91686-eeba-4f30-bc8e-8bfea4f7889c
[05-03-2022 00:04:58] Checking a8350c53-6ae0-4fbe-a366-9c22c73ba92b.png
[05-03-2022 00:04:58] Current parent directory: D:/GameDev/Projects/INTRUDE/Source/sprites/sprPlayerPunchUp/layers/8a5b82f1-ffd8-40ed-a4a0-8d157e58839c
[05-03-2022 00:04:58] Checking a8350c53-6ae0-4fbe-a366-9c22c73ba92b.png
[05-03-2022 00:04:58] Current parent directory: D:/GameDev/Projects/INTRUDE/Source/sprites/sprPlayerPunchUp/layers/a187a24f-1f72-4813-8909-6835e8472fc3
[05-03-2022 00:04:58] Checking a8350c53-6ae0-4fbe-a366-9c22c73ba92b.png
[05-03-2022 00:04:58] Current parent directory: D:/GameDev/Projects/INTRUDE/Source/sprites/sprPlayerWalkDown
[05-03-2022 00:04:58] Checking sprPlayerWalkDown.yy
[05-03-2022 00:04:58] Parsing D:/GameDev/Projects/INTRUDE/Source/sprites/sprPlayerWalkDown/sprPlayerWalkDown.yy
[05-03-2022 00:04:58] Reading D:/GameDev/Projects/INTRUDE/Source/sprites/sprPlayerWalkDown/sprPlayerWalkDown.yy
[05-03-2022 00:04:58] Par: "folders/Sprites/Snake/Walk" at dir: "D:/GameDev/Projects/INTRUDE/Source/sprites/sprPlayerWalkDown/sprPlayerWalkDown.yy"
[05-03-2022 00:04:58] Found Sprite: sprPlayerWalkDown
[05-03-2022 00:04:58] Checking layers
[05-03-2022 00:04:58] Directory: D:/GameDev/Projects/INTRUDE/Source/sprites/sprPlayerWalkDown/layers
[05-03-2022 00:04:58] Checking 6de4f1e6-ebda-4fd8-8db5-12348561e29d.png
[05-03-2022 00:04:58] Checking 05bbcf14-7596-4b87-93d9-73c660379bc7.png
[05-03-2022 00:04:58] Current parent directory: D:/GameDev/Projects/INTRUDE/Source/sprites/sprPlayerWalkDown/layers
[05-03-2022 00:04:58] Checking 6de4f1e6-ebda-4fd8-8db5-12348561e29d
[05-03-2022 00:04:58] Directory: D:/GameDev/Projects/INTRUDE/Source/sprites/sprPlayerWalkDown/layers/6de4f1e6-ebda-4fd8-8db5-12348561e29d
[05-03-2022 00:04:58] Checking 05bbcf14-7596-4b87-93d9-73c660379bc7
[05-03-2022 00:04:58] Directory: D:/GameDev/Projects/INTRUDE/Source/sprites/sprPlayerWalkDown/layers/05bbcf14-7596-4b87-93d9-73c660379bc7
[05-03-2022 00:04:58] Current parent directory: D:/GameDev/Projects/INTRUDE/Source/sprites/sprPlayerWalkDown/layers/05bbcf14-7596-4b87-93d9-73c660379bc7
[05-03-2022 00:04:58] Checking c0056d6a-ae16-4729-854f-f92d89dd1588.png
[05-03-2022 00:04:58] Current parent directory: D:/GameDev/Projects/INTRUDE/Source/sprites/sprPlayerWalkDown/layers/6de4f1e6-ebda-4fd8-8db5-12348561e29d
[05-03-2022 00:04:58] Checking c0056d6a-ae16-4729-854f-f92d89dd1588.png
[05-03-2022 00:04:58] Current parent directory: D:/GameDev/Projects/INTRUDE/Source/sprites/sprPlayerWalkLeft
[05-03-2022 00:04:58] Checking sprPlayerWalkLeft.yy
[05-03-2022 00:04:58] Parsing D:/GameDev/Projects/INTRUDE/Source/sprites/sprPlayerWalkLeft/sprPlayerWalkLeft.yy
[05-03-2022 00:04:58] Reading D:/GameDev/Projects/INTRUDE/Source/sprites/sprPlayerWalkLeft/sprPlayerWalkLeft.yy
[05-03-2022 00:04:58] Par: "folders/Sprites/Snake/Walk" at dir: "D:/GameDev/Projects/INTRUDE/Source/sprites/sprPlayerWalkLeft/sprPlayerWalkLeft.yy"
[05-03-2022 00:04:58] Found Sprite: sprPlayerWalkLeft
[05-03-2022 00:04:58] Checking layers
[05-03-2022 00:04:58] Directory: D:/GameDev/Projects/INTRUDE/Source/sprites/sprPlayerWalkLeft/layers
[05-03-2022 00:04:58] Checking d6b2c549-f25e-416d-a37c-97dc382c0d1a.png
[05-03-2022 00:04:58] Checking c853fed3-511a-4ecc-b948-a14c5a0ec6ca.png
[05-03-2022 00:04:58] Checking 8cc45c16-c5a1-4260-b9ae-152352fbce20.png
[05-03-2022 00:04:58] Checking 4246e50a-0c98-4955-b0a1-8033eeac3fe0.png
[05-03-2022 00:04:58] Checking 3691579d-a4d3-4350-80ec-a29f17ce99eb.png
[05-03-2022 00:04:58] Checking 090d9243-9bf1-462a-a147-87d7b60abedb.png
[05-03-2022 00:04:58] Current parent directory: D:/GameDev/Projects/INTRUDE/Source/sprites/sprPlayerWalkLeft/layers
[05-03-2022 00:04:58] Checking d6b2c549-f25e-416d-a37c-97dc382c0d1a
[05-03-2022 00:04:58] Directory: D:/GameDev/Projects/INTRUDE/Source/sprites/sprPlayerWalkLeft/layers/d6b2c549-f25e-416d-a37c-97dc382c0d1a
[05-03-2022 00:04:58] Checking c853fed3-511a-4ecc-b948-a14c5a0ec6ca
[05-03-2022 00:04:58] Directory: D:/GameDev/Projects/INTRUDE/Source/sprites/sprPlayerWalkLeft/layers/c853fed3-511a-4ecc-b948-a14c5a0ec6ca
[05-03-2022 00:04:58] Checking 8cc45c16-c5a1-4260-b9ae-152352fbce20
[05-03-2022 00:04:58] Directory: D:/GameDev/Projects/INTRUDE/Source/sprites/sprPlayerWalkLeft/layers/8cc45c16-c5a1-4260-b9ae-152352fbce20
[05-03-2022 00:04:58] Checking 4246e50a-0c98-4955-b0a1-8033eeac3fe0
[05-03-2022 00:04:58] Directory: D:/GameDev/Projects/INTRUDE/Source/sprites/sprPlayerWalkLeft/layers/4246e50a-0c98-4955-b0a1-8033eeac3fe0
[05-03-2022 00:04:58] Checking 3691579d-a4d3-4350-80ec-a29f17ce99eb
[05-03-2022 00:04:58] Directory: D:/GameDev/Projects/INTRUDE/Source/sprites/sprPlayerWalkLeft/layers/3691579d-a4d3-4350-80ec-a29f17ce99eb
[05-03-2022 00:04:58] Checking 090d9243-9bf1-462a-a147-87d7b60abedb
[05-03-2022 00:04:58] Directory: D:/GameDev/Projects/INTRUDE/Source/sprites/sprPlayerWalkLeft/layers/090d9243-9bf1-462a-a147-87d7b60abedb
[05-03-2022 00:04:58] Current parent directory: D:/GameDev/Projects/INTRUDE/Source/sprites/sprPlayerWalkLeft/layers/090d9243-9bf1-462a-a147-87d7b60abedb
[05-03-2022 00:04:58] Checking 42b85be8-d3a2-427a-8fef-292276f75bfe.png
[05-03-2022 00:04:58] Current parent directory: D:/GameDev/Projects/INTRUDE/Source/sprites/sprPlayerWalkLeft/layers/3691579d-a4d3-4350-80ec-a29f17ce99eb
[05-03-2022 00:04:58] Checking 42b85be8-d3a2-427a-8fef-292276f75bfe.png
[05-03-2022 00:04:58] Current parent directory: D:/GameDev/Projects/INTRUDE/Source/sprites/sprPlayerWalkLeft/layers/4246e50a-0c98-4955-b0a1-8033eeac3fe0
[05-03-2022 00:04:58] Checking 42b85be8-d3a2-427a-8fef-292276f75bfe.png
[05-03-2022 00:04:58] Current parent directory: D:/GameDev/Projects/INTRUDE/Source/sprites/sprPlayerWalkLeft/layers/8cc45c16-c5a1-4260-b9ae-152352fbce20
[05-03-2022 00:04:58] Checking 42b85be8-d3a2-427a-8fef-292276f75bfe.png
[05-03-2022 00:04:58] Current parent directory: D:/GameDev/Projects/INTRUDE/Source/sprites/sprPlayerWalkLeft/layers/c853fed3-511a-4ecc-b948-a14c5a0ec6ca
[05-03-2022 00:04:58] Checking 42b85be8-d3a2-427a-8fef-292276f75bfe.png
[05-03-2022 00:04:58] Current parent directory: D:/GameDev/Projects/INTRUDE/Source/sprites/sprPlayerWalkLeft/layers/d6b2c549-f25e-416d-a37c-97dc382c0d1a
[05-03-2022 00:04:58] Checking 42b85be8-d3a2-427a-8fef-292276f75bfe.png
[05-03-2022 00:04:58] Current parent directory: D:/GameDev/Projects/INTRUDE/Source/sprites/sprPlayerWalkRight
[05-03-2022 00:04:58] Checking sprPlayerWalkRight.yy
[05-03-2022 00:04:58] Parsing D:/GameDev/Projects/INTRUDE/Source/sprites/sprPlayerWalkRight/sprPlayerWalkRight.yy
[05-03-2022 00:04:58] Reading D:/GameDev/Projects/INTRUDE/Source/sprites/sprPlayerWalkRight/sprPlayerWalkRight.yy
[05-03-2022 00:04:58] Par: "folders/Sprites/Snake/Walk" at dir: "D:/GameDev/Projects/INTRUDE/Source/sprites/sprPlayerWalkRight/sprPlayerWalkRight.yy"
[05-03-2022 00:04:58] Found Sprite: sprPlayerWalkRight
[05-03-2022 00:04:58] Checking layers
[05-03-2022 00:04:58] Directory: D:/GameDev/Projects/INTRUDE/Source/sprites/sprPlayerWalkRight/layers
[05-03-2022 00:04:58] Checking d7f3b8c9-0478-4392-82ca-c9bba0403f72.png
[05-03-2022 00:04:58] Checking cf495978-cb74-4774-9770-f2770edff3a1.png
[05-03-2022 00:04:58] Checking b89eb015-07c5-45ec-a417-bdb7a7598e04.png
[05-03-2022 00:04:58] Checking 78b7b98b-89b7-447a-a96a-a4e06535e8c7.png
[05-03-2022 00:04:58] Checking 58038de7-45e1-4c1d-9ec9-bff02f8fca38.png
[05-03-2022 00:04:58] Checking 5594bdf4-5b71-432d-b4d3-73d20009b311.png
[05-03-2022 00:04:58] Current parent directory: D:/GameDev/Projects/INTRUDE/Source/sprites/sprPlayerWalkRight/layers
[05-03-2022 00:04:58] Checking d7f3b8c9-0478-4392-82ca-c9bba0403f72
[05-03-2022 00:04:58] Directory: D:/GameDev/Projects/INTRUDE/Source/sprites/sprPlayerWalkRight/layers/d7f3b8c9-0478-4392-82ca-c9bba0403f72
[05-03-2022 00:04:58] Checking cf495978-cb74-4774-9770-f2770edff3a1
[05-03-2022 00:04:58] Directory: D:/GameDev/Projects/INTRUDE/Source/sprites/sprPlayerWalkRight/layers/cf495978-cb74-4774-9770-f2770edff3a1
[05-03-2022 00:04:58] Checking b89eb015-07c5-45ec-a417-bdb7a7598e04
[05-03-2022 00:04:58] Directory: D:/GameDev/Projects/INTRUDE/Source/sprites/sprPlayerWalkRight/layers/b89eb015-07c5-45ec-a417-bdb7a7598e04
[05-03-2022 00:04:58] Checking 78b7b98b-89b7-447a-a96a-a4e06535e8c7
[05-03-2022 00:04:58] Directory: D:/GameDev/Projects/INTRUDE/Source/sprites/sprPlayerWalkRight/layers/78b7b98b-89b7-447a-a96a-a4e06535e8c7
[05-03-2022 00:04:58] Checking 58038de7-45e1-4c1d-9ec9-bff02f8fca38
[05-03-2022 00:04:58] Directory: D:/GameDev/Projects/INTRUDE/Source/sprites/sprPlayerWalkRight/layers/58038de7-45e1-4c1d-9ec9-bff02f8fca38
[05-03-2022 00:04:58] Checking 5594bdf4-5b71-432d-b4d3-73d20009b311
[05-03-2022 00:04:58] Directory: D:/GameDev/Projects/INTRUDE/Source/sprites/sprPlayerWalkRight/layers/5594bdf4-5b71-432d-b4d3-73d20009b311
[05-03-2022 00:04:58] Current parent directory: D:/GameDev/Projects/INTRUDE/Source/sprites/sprPlayerWalkRight/layers/5594bdf4-5b71-432d-b4d3-73d20009b311
[05-03-2022 00:04:58] Checking 65189561-a663-49a0-82ee-fe40acb5704d.png
[05-03-2022 00:04:58] Current parent directory: D:/GameDev/Projects/INTRUDE/Source/sprites/sprPlayerWalkRight/layers/58038de7-45e1-4c1d-9ec9-bff02f8fca38
[05-03-2022 00:04:58] Checking 65189561-a663-49a0-82ee-fe40acb5704d.png
[05-03-2022 00:04:58] Current parent directory: D:/GameDev/Projects/INTRUDE/Source/sprites/sprPlayerWalkRight/layers/78b7b98b-89b7-447a-a96a-a4e06535e8c7
[05-03-2022 00:04:58] Checking 65189561-a663-49a0-82ee-fe40acb5704d.png
[05-03-2022 00:04:58] Current parent directory: D:/GameDev/Projects/INTRUDE/Source/sprites/sprPlayerWalkRight/layers/b89eb015-07c5-45ec-a417-bdb7a7598e04
[05-03-2022 00:04:58] Checking 65189561-a663-49a0-82ee-fe40acb5704d.png
[05-03-2022 00:04:58] Current parent directory: D:/GameDev/Projects/INTRUDE/Source/sprites/sprPlayerWalkRight/layers/cf495978-cb74-4774-9770-f2770edff3a1
[05-03-2022 00:04:58] Checking 65189561-a663-49a0-82ee-fe40acb5704d.png
[05-03-2022 00:04:58] Current parent directory: D:/GameDev/Projects/INTRUDE/Source/sprites/sprPlayerWalkRight/layers/d7f3b8c9-0478-4392-82ca-c9bba0403f72
[05-03-2022 00:04:58] Checking 65189561-a663-49a0-82ee-fe40acb5704d.png
[05-03-2022 00:04:58] Current parent directory: D:/GameDev/Projects/INTRUDE/Source/sprites/sprPlayerWalkUp
[05-03-2022 00:04:58] Checking sprPlayerWalkUp.yy
[05-03-2022 00:04:58] Parsing D:/GameDev/Projects/INTRUDE/Source/sprites/sprPlayerWalkUp/sprPlayerWalkUp.yy
[05-03-2022 00:04:58] Reading D:/GameDev/Projects/INTRUDE/Source/sprites/sprPlayerWalkUp/sprPlayerWalkUp.yy
[05-03-2022 00:04:58] Par: "folders/Sprites/Snake/Walk" at dir: "D:/GameDev/Projects/INTRUDE/Source/sprites/sprPlayerWalkUp/sprPlayerWalkUp.yy"
[05-03-2022 00:04:58] Found Sprite: sprPlayerWalkUp
[05-03-2022 00:04:58] Checking layers
[05-03-2022 00:04:58] Directory: D:/GameDev/Projects/INTRUDE/Source/sprites/sprPlayerWalkUp/layers
[05-03-2022 00:04:58] Checking 6978ccf1-bd67-4445-a28b-45be20fe44f8.png
[05-03-2022 00:04:58] Checking 2d0679ce-2a63-4eb4-9907-c18b7dc0aff9.png
[05-03-2022 00:04:58] Current parent directory: D:/GameDev/Projects/INTRUDE/Source/sprites/sprPlayerWalkUp/layers
[05-03-2022 00:04:58] Checking 6978ccf1-bd67-4445-a28b-45be20fe44f8
[05-03-2022 00:04:58] Directory: D:/GameDev/Projects/INTRUDE/Source/sprites/sprPlayerWalkUp/layers/6978ccf1-bd67-4445-a28b-45be20fe44f8
[05-03-2022 00:04:58] Checking 2d0679ce-2a63-4eb4-9907-c18b7dc0aff9
[05-03-2022 00:04:58] Directory: D:/GameDev/Projects/INTRUDE/Source/sprites/sprPlayerWalkUp/layers/2d0679ce-2a63-4eb4-9907-c18b7dc0aff9
[05-03-2022 00:04:58] Current parent directory: D:/GameDev/Projects/INTRUDE/Source/sprites/sprPlayerWalkUp/layers/2d0679ce-2a63-4eb4-9907-c18b7dc0aff9
[05-03-2022 00:04:58] Checking 6ab2e716-0eca-4251-bb87-2ca367ab4297.png
[05-03-2022 00:04:58] Current parent directory: D:/GameDev/Projects/INTRUDE/Source/sprites/sprPlayerWalkUp/layers/6978ccf1-bd67-4445-a28b-45be20fe44f8
[05-03-2022 00:04:58] Checking 6ab2e716-0eca-4251-bb87-2ca367ab4297.png
[05-03-2022 00:04:58] Current parent directory: D:/GameDev/Projects/INTRUDE/Source/sprites/sprShadow
[05-03-2022 00:04:58] Checking sprShadow.yy
[05-03-2022 00:04:58] Parsing D:/GameDev/Projects/INTRUDE/Source/sprites/sprShadow/sprShadow.yy
[05-03-2022 00:04:58] Reading D:/GameDev/Projects/INTRUDE/Source/sprites/sprShadow/sprShadow.yy
[05-03-2022 00:04:58] Par: "folders/Sprites" at dir: "D:/GameDev/Projects/INTRUDE/Source/sprites/sprShadow/sprShadow.yy"
[05-03-2022 00:04:58] Found Sprite: sprShadow
[05-03-2022 00:04:58] Checking layers
[05-03-2022 00:04:58] Directory: D:/GameDev/Projects/INTRUDE/Source/sprites/sprShadow/layers
[05-03-2022 00:04:58] Checking 343eb352-7ec7-4d87-b5b0-26f6ff707657.png
[05-03-2022 00:04:58] Current parent directory: D:/GameDev/Projects/INTRUDE/Source/sprites/sprShadow/layers
[05-03-2022 00:04:58] Checking 343eb352-7ec7-4d87-b5b0-26f6ff707657
[05-03-2022 00:04:58] Directory: D:/GameDev/Projects/INTRUDE/Source/sprites/sprShadow/layers/343eb352-7ec7-4d87-b5b0-26f6ff707657
[05-03-2022 00:04:58] Current parent directory: D:/GameDev/Projects/INTRUDE/Source/sprites/sprShadow/layers/343eb352-7ec7-4d87-b5b0-26f6ff707657
[05-03-2022 00:04:58] Checking c51d01df-d77d-4018-9e9c-f85d81fb5693.png
[05-03-2022 00:04:58] Current parent directory: D:/GameDev/Projects/INTRUDE/Source/sprites/sprSnake
[05-03-2022 00:04:58] Checking sprSnake.yy
[05-03-2022 00:04:58] Parsing D:/GameDev/Projects/INTRUDE/Source/sprites/sprSnake/sprSnake.yy
[05-03-2022 00:04:58] Reading D:/GameDev/Projects/INTRUDE/Source/sprites/sprSnake/sprSnake.yy
[05-03-2022 00:04:58] Par: "folders/Sprites" at dir: "D:/GameDev/Projects/INTRUDE/Source/sprites/sprSnake/sprSnake.yy"
[05-03-2022 00:04:58] Found Sprite: sprSnake
[05-03-2022 00:04:58] Checking layers
[05-03-2022 00:04:58] Directory: D:/GameDev/Projects/INTRUDE/Source/sprites/sprSnake/layers
[05-03-2022 00:04:58] Checking d34d9d69-fec1-4fcc-8a38-f4269e4a5340.png
[05-03-2022 00:04:58] Current parent directory: D:/GameDev/Projects/INTRUDE/Source/sprites/sprSnake/layers
[05-03-2022 00:04:58] Checking d34d9d69-fec1-4fcc-8a38-f4269e4a5340
[05-03-2022 00:04:58] Directory: D:/GameDev/Projects/INTRUDE/Source/sprites/sprSnake/layers/d34d9d69-fec1-4fcc-8a38-f4269e4a5340
[05-03-2022 00:04:58] Current parent directory: D:/GameDev/Projects/INTRUDE/Source/sprites/sprSnake/layers/d34d9d69-fec1-4fcc-8a38-f4269e4a5340
[05-03-2022 00:04:58] Checking 0876255a-3b42-43df-bdad-3d2a490d7b03.png
[05-03-2022 00:04:58] Current parent directory: D:/GameDev/Projects/INTRUDE/Source/sprites/sprSparkles
[05-03-2022 00:04:58] Checking sprSparkles.yy
[05-03-2022 00:04:58] Parsing D:/GameDev/Projects/INTRUDE/Source/sprites/sprSparkles/sprSparkles.yy
[05-03-2022 00:04:58] Reading D:/GameDev/Projects/INTRUDE/Source/sprites/sprSparkles/sprSparkles.yy
[05-03-2022 00:04:58] Par: "folders/Sprites" at dir: "D:/GameDev/Projects/INTRUDE/Source/sprites/sprSparkles/sprSparkles.yy"
[05-03-2022 00:04:58] Found Sprite: sprSparkles
[05-03-2022 00:04:58] Checking layers
[05-03-2022 00:04:58] Directory: D:/GameDev/Projects/INTRUDE/Source/sprites/sprSparkles/layers
[05-03-2022 00:04:58] Checking 8b66613b-65d1-42e2-b4c7-ed03fc601d24.png
[05-03-2022 00:04:58] Checking 5e70f97b-0624-4eab-b032-3f67c97a0135.png
[05-03-2022 00:04:58] Current parent directory: D:/GameDev/Projects/INTRUDE/Source/sprites/sprSparkles/layers
[05-03-2022 00:04:58] Checking 8b66613b-65d1-42e2-b4c7-ed03fc601d24
[05-03-2022 00:04:58] Directory: D:/GameDev/Projects/INTRUDE/Source/sprites/sprSparkles/layers/8b66613b-65d1-42e2-b4c7-ed03fc601d24
[05-03-2022 00:04:58] Checking 5e70f97b-0624-4eab-b032-3f67c97a0135
[05-03-2022 00:04:58] Directory: D:/GameDev/Projects/INTRUDE/Source/sprites/sprSparkles/layers/5e70f97b-0624-4eab-b032-3f67c97a0135
[05-03-2022 00:04:58] Current parent directory: D:/GameDev/Projects/INTRUDE/Source/sprites/sprSparkles/layers/5e70f97b-0624-4eab-b032-3f67c97a0135
[05-03-2022 00:04:58] Checking 5cd96aac-5587-4f0c-a7ea-0b4151066f29.png
[05-03-2022 00:04:58] Current parent directory: D:/GameDev/Projects/INTRUDE/Source/sprites/sprSparkles/layers/8b66613b-65d1-42e2-b4c7-ed03fc601d24
[05-03-2022 00:04:58] Checking 5cd96aac-5587-4f0c-a7ea-0b4151066f29.png
[05-03-2022 00:04:58] Current parent directory: D:/GameDev/Projects/INTRUDE/Source/sprites/sprTest
[05-03-2022 00:04:58] Checking sprTest.yy
[05-03-2022 00:04:58] Parsing D:/GameDev/Projects/INTRUDE/Source/sprites/sprTest/sprTest.yy
[05-03-2022 00:04:58] Reading D:/GameDev/Projects/INTRUDE/Source/sprites/sprTest/sprTest.yy
[05-03-2022 00:04:58] Par: "folders/Sprites" at dir: "D:/GameDev/Projects/INTRUDE/Source/sprites/sprTest/sprTest.yy"
[05-03-2022 00:04:58] Found Sprite: sprTest
[05-03-2022 00:04:58] Checking layers
[05-03-2022 00:04:58] Directory: D:/GameDev/Projects/INTRUDE/Source/sprites/sprTest/layers
[05-03-2022 00:04:58] Checking f28d0bad-be83-4abe-b1a8-7a991f1b9927.png
[05-03-2022 00:04:58] Current parent directory: D:/GameDev/Projects/INTRUDE/Source/sprites/sprTest/layers
[05-03-2022 00:04:58] Checking f28d0bad-be83-4abe-b1a8-7a991f1b9927
[05-03-2022 00:04:58] Directory: D:/GameDev/Projects/INTRUDE/Source/sprites/sprTest/layers/f28d0bad-be83-4abe-b1a8-7a991f1b9927
[05-03-2022 00:04:58] Current parent directory: D:/GameDev/Projects/INTRUDE/Source/sprites/sprTest/layers/f28d0bad-be83-4abe-b1a8-7a991f1b9927
[05-03-2022 00:04:58] Checking 300b5828-5cab-438f-807f-9329e54572b6.png
[05-03-2022 00:04:58] Current parent directory: D:/GameDev/Projects/INTRUDE/Source/sprites/tlTiles
[05-03-2022 00:04:58] Checking tlTiles.yy
[05-03-2022 00:04:58] Parsing D:/GameDev/Projects/INTRUDE/Source/sprites/tlTiles/tlTiles.yy
[05-03-2022 00:04:58] Reading D:/GameDev/Projects/INTRUDE/Source/sprites/tlTiles/tlTiles.yy
[05-03-2022 00:04:58] Par: "folders/Sprites/tilesets" at dir: "D:/GameDev/Projects/INTRUDE/Source/sprites/tlTiles/tlTiles.yy"
[05-03-2022 00:04:58] Found Sprite: tlTiles
[05-03-2022 00:04:58] Checking layers
[05-03-2022 00:04:58] Directory: D:/GameDev/Projects/INTRUDE/Source/sprites/tlTiles/layers
[05-03-2022 00:04:58] Checking d9b7b427-3ce0-42e0-92ab-ddb318caeeee.png
[05-03-2022 00:04:58] Current parent directory: D:/GameDev/Projects/INTRUDE/Source/sprites/tlTiles/layers
[05-03-2022 00:04:58] Checking d9b7b427-3ce0-42e0-92ab-ddb318caeeee
[05-03-2022 00:04:58] Directory: D:/GameDev/Projects/INTRUDE/Source/sprites/tlTiles/layers/d9b7b427-3ce0-42e0-92ab-ddb318caeeee
[05-03-2022 00:04:58] Current parent directory: D:/GameDev/Projects/INTRUDE/Source/sprites/tlTiles/layers/d9b7b427-3ce0-42e0-92ab-ddb318caeeee
[05-03-2022 00:04:58] Checking a187270d-118c-442a-a0bd-2aa13c743f81.png
[05-03-2022 00:04:58] Current parent directory: D:/GameDev/Projects/INTRUDE/Source/tilesets
[05-03-2022 00:04:58] Checking tlTiles_tileset
[05-03-2022 00:04:58] Directory: D:/GameDev/Projects/INTRUDE/Source/tilesets/tlTiles_tileset
[05-03-2022 00:04:58] Checking background0_tileset
[05-03-2022 00:04:58] Directory: D:/GameDev/Projects/INTRUDE/Source/tilesets/background0_tileset
[05-03-2022 00:04:58] Current parent directory: D:/GameDev/Projects/INTRUDE/Source/tilesets/background0_tileset
[05-03-2022 00:04:58] Checking output_tileset.png
[05-03-2022 00:04:58] Checking background0_tileset.yy
[05-03-2022 00:04:58] Parsing D:/GameDev/Projects/INTRUDE/Source/tilesets/background0_tileset/background0_tileset.yy
[05-03-2022 00:04:58] Reading D:/GameDev/Projects/INTRUDE/Source/tilesets/background0_tileset/background0_tileset.yy
[05-03-2022 00:04:58] Par: "folders/Tile Sets" at dir: "D:/GameDev/Projects/INTRUDE/Source/tilesets/background0_tileset/background0_tileset.yy"
[05-03-2022 00:04:58] Found TileSet: background0_tileset
[05-03-2022 00:04:58] Current parent directory: D:/GameDev/Projects/INTRUDE/Source/tilesets/tlTiles_tileset
[05-03-2022 00:04:58] Checking tlTiles_tileset.yy
[05-03-2022 00:04:58] Parsing D:/GameDev/Projects/INTRUDE/Source/tilesets/tlTiles_tileset/tlTiles_tileset.yy
[05-03-2022 00:04:58] Reading D:/GameDev/Projects/INTRUDE/Source/tilesets/tlTiles_tileset/tlTiles_tileset.yy
[05-03-2022 00:04:58] Par: "folders/Tile Sets" at dir: "D:/GameDev/Projects/INTRUDE/Source/tilesets/tlTiles_tileset/tlTiles_tileset.yy"
[05-03-2022 00:04:58] Found TileSet: tlTiles_tileset
[05-03-2022 00:04:58] Checking output_tileset.png
[05-03-2022 00:04:58] Current parent directory: D:/GameDev/Projects/INTRUDE/Source/timelines
[05-03-2022 00:04:58] Moving files to trash...
[05-03-2022 00:04:58] Files yeeted successfully!
[05-03-2022 00:04:58] Generating YYP...
[05-03-2022 00:04:58] Source.yyp created successfully!
